
> commrent-mobile@1.0.0 web
> expo start --web --port 8081

Starting project at C:\Users\Арыстан\Desktop\site arenda\arenda-pro\mobile
Starting Metro Bundler
Waiting on http://localhost:8081
Logs for your project will appear below.
Web Bundled 1182ms node_modules\expo-router\entry.js (3041 modules)
 LOG  [web] Logs will appear in the browser console
iOS Bundled 972ms node_modules\expo-router\entry.js (3465 modules)
 WARN  Route "./components/ui.tsx" is missing the required default export. Ensure a React component is exported as default.
 WARN  expo-notifications: Android Push notifications (remote notifications) functionality provided by expo-notifications was removed from Expo Go with the release of SDK 53. Use a development build instead of Expo Go. Read more at https://docs.expo.dev/develop/development-builds/introduction/.
 WARN  `expo-notifications` functionality is not fully supported in Expo Go:
We recommend you instead use a development build to avoid limitations. Learn more: https://expo.fyi/dev-client.
 WARN  Route "./screens/admin.tsx" is missing the required default export. Ensure a React component is exported as default.
 WARN  Route "./screens/login.tsx" is missing the required default export. Ensure a React component is exported as default.
 WARN  Route "./screens/more.tsx" is missing the required default export. Ensure a React component is exported as default.
 WARN  Route "./screens/notifications.tsx" is missing the required default export. Ensure a React component is exported as default.
 WARN  Route "./screens/tenant.tsx" is missing the required default export. Ensure a React component is exported as default.
 WARN  Route "./utils/colors.ts" is missing the required default export. Ensure a React component is exported as default.
 WARN  Route "./utils/formatters.ts" is missing the required default export. Ensure a React component is exported as default.
 WARN  Route "./utils/haptics.ts" is missing the required default export. Ensure a React component is exported as default.
 WARN  Route "./utils/spacing.ts" is missing the required default export. Ensure a React component is exported as default.
 WARN  Route "./utils/types.ts" is missing the required default export. Ensure a React component is exported as default.
 WARN  App Start Span could not be finished. `Sentry.wrap` was called before `Sentry.init`.
